<?xml version="1.0" encoding="UTF-8"?>
<testsuite xmlns:xsi="http://www.w3.org/2001/XMLSchema-instance" xsi:noNamespaceSchemaLocation="https://maven.apache.org/surefire/maven-surefire-plugin/xsd/surefire-test-report-3.0.xsd" version="3.0" name="com.cucumber.testrunner.TestRunnerClass" time="1.387" tests="84" errors="15" skipped="34" failures="0">
  <properties>
[...]
</properties>
  <testcase name="When Launch hotel reservation application" classname="Scenario: To verify valid login details" time="0.016">
    <error type="java.lang.NullPointerException"><![CDATA[java.lang.NullPointerException
]]></error>
    <system-out><![CDATA[Driver initiazation
]]></system-out>
  </testcase>
  <testcase name="" classname="Scenario: To verify valid login details" time="0.016">
    <error type="java.lang.NullPointerException"><![CDATA[java.lang.NullPointerException
]]></error>
  </testcase>
  <testcase name="" classname="Scenario: To verify valid login details" time="0.047">
    <error type="java.lang.NullPointerException"><![CDATA[java.lang.NullPointerException
]]></error>
  </testcase>
  <testcase name="And Login to the application using username and password" classname="Scenario: To verify valid login details" time="0">
    <skipped/>
  </testcase>
  <testcase name="Then User verifies the username in the HomePage" classname="Scenario: To verify valid login details" time="0">
    <skipped/>
  </testcase>
  <testcase name="When Launch hotel reservation application" classname="Scenario: To verify whether the check-out date field accepts a later date than checkin date" time="0.007">
    <error type="java.lang.NullPointerException"><![CDATA[java.lang.NullPointerException
]]></error>
  </testcase>
  <testcase name="" classname="Scenario: To verify whether the check-out date field accepts a later date than checkin date" time="0.007">
    <error type="java.lang.NullPointerException"><![CDATA[java.lang.NullPointerException
]]></error>
  </testcase>
  <testcase name="" classname="Scenario: To verify whether the check-out date field accepts a later date than checkin date" time="0.007">
    <error type="java.lang.NullPointerException"><![CDATA[java.lang.NullPointerException
]]></error>
  </testcase>
  <testcase name="And Login to the application using username and password" classname="Scenario: To verify whether the check-out date field accepts a later date than checkin date" time="0">
    <skipped/>
  </testcase>
  <testcase name="Given Select location as in test data" classname="Scenario: To verify whether the check-out date field accepts a later date than checkin date" time="0">
    <skipped/>
  </testcase>
  <testcase name="When Select hotel as in test data" classname="Scenario: To verify whether the check-out date field accepts a later date than checkin date" time="0">
    <skipped/>
  </testcase>
  <testcase name="And Select room type as in test data" classname="Scenario: To verify whether the check-out date field accepts a later date than checkin date" time="0">
    <skipped/>
  </testcase>
  <testcase name="And Select no-of-rooms as in test data" classname="Scenario: To verify whether the check-out date field accepts a later date than checkin date" time="0">
    <skipped/>
  </testcase>
  <testcase name="And Enter check-in-date later than the checkout-date field as in test data" classname="Scenario: To verify whether the check-out date field accepts a later date than checkin date" time="0">
    <skipped/>
  </testcase>
  <testcase name="Then Verify that system gives an error saying ‘check-in-date should not be later than check-out-date’" classname="Scenario: To verify whether the check-out date field accepts a later date than checkin date" time="0">
    <skipped/>
  </testcase>
  <testcase name="When Launch hotel reservation application" classname="Scenario: To check if error is reported if check-out date field is in the past" time="0">
    <error type="java.lang.NullPointerException"><![CDATA[java.lang.NullPointerException
]]></error>
  </testcase>
  <testcase name="" classname="Scenario: To check if error is reported if check-out date field is in the past" time="0.015">
    <error type="java.lang.NullPointerException"><![CDATA[java.lang.NullPointerException
]]></error>
  </testcase>
  <testcase name="" classname="Scenario: To check if error is reported if check-out date field is in the past" time="0.015">
    <error type="java.lang.NullPointerException"><![CDATA[java.lang.NullPointerException
]]></error>
  </testcase>
  <testcase name="And Login to the application using username and password" classname="Scenario: To check if error is reported if check-out date field is in the past" time="0">
    <skipped/>
  </testcase>
  <testcase name="Given Select location as in test data" classname="Scenario: To check if error is reported if check-out date field is in the past" time="0">
    <skipped/>
  </testcase>
  <testcase name="When Select hotel as in test data" classname="Scenario: To check if error is reported if check-out date field is in the past" time="0">
    <skipped/>
  </testcase>
  <testcase name="And Select room type as in test data" classname="Scenario: To check if error is reported if check-out date field is in the past" time="0">
    <skipped/>
  </testcase>
  <testcase name="And Select no-of-rooms as in test data" classname="Scenario: To check if error is reported if check-out date field is in the past" time="0">
    <skipped/>
  </testcase>
  <testcase name="And Enter check-out-date as in test data" classname="Scenario: To check if error is reported if check-out date field is in the past" time="0">
    <skipped/>
  </testcase>
  <testcase name="And User Click on Search button" classname="Scenario: To check if error is reported if check-out date field is in the past" time="0">
    <skipped/>
  </testcase>
  <testcase name="Then Verify that application throws error message" classname="Scenario: To check if error is reported if check-out date field is in the past" time="0">
    <skipped/>
  </testcase>
  <testcase name="When Launch hotel reservation application" classname="Scenario: To verify whether locations in Select Hotel page are displayed according to the location selected in Search Hotel" time="0">
    <error type="java.lang.NullPointerException"><![CDATA[java.lang.NullPointerException
]]></error>
  </testcase>
  <testcase name="" classname="Scenario: To verify whether locations in Select Hotel page are displayed according to the location selected in Search Hotel" time="0">
    <error type="java.lang.NullPointerException"><![CDATA[java.lang.NullPointerException
]]></error>
  </testcase>
  <testcase name="" classname="Scenario: To verify whether locations in Select Hotel page are displayed according to the location selected in Search Hotel" time="0.016">
    <error type="java.lang.NullPointerException"><![CDATA[java.lang.NullPointerException
]]></error>
  </testcase>
  <testcase name="And Login to the application using username and password" classname="Scenario: To verify whether locations in Select Hotel page are displayed according to the location selected in Search Hotel" time="0">
    <skipped/>
  </testcase>
  <testcase name="Given Select location as in test data" classname="Scenario: To verify whether locations in Select Hotel page are displayed according to the location selected in Search Hotel" time="0">
    <skipped/>
  </testcase>
  <testcase name="When Select hotel as in test data" classname="Scenario: To verify whether locations in Select Hotel page are displayed according to the location selected in Search Hotel" time="0">
    <skipped/>
  </testcase>
  <testcase name="And Select room type as in test data" classname="Scenario: To verify whether locations in Select Hotel page are displayed according to the location selected in Search Hotel" time="0">
    <skipped/>
  </testcase>
  <testcase name="And Select no-of-rooms as in test data" classname="Scenario: To verify whether locations in Select Hotel page are displayed according to the location selected in Search Hotel" time="0">
    <skipped/>
  </testcase>
  <testcase name="And User Enters the check-out-date as in test data" classname="Scenario: To verify whether locations in Select Hotel page are displayed according to the location selected in Search Hotel" time="0">
    <skipped/>
  </testcase>
  <testcase name="And Select No-of-adults as in test data" classname="Scenario: To verify whether locations in Select Hotel page are displayed according to the location selected in Search Hotel" time="0">
    <skipped/>
  </testcase>
  <testcase name="And Select No-of-children as in test data" classname="Scenario: To verify whether locations in Select Hotel page are displayed according to the location selected in Search Hotel" time="0">
    <skipped/>
  </testcase>
  <testcase name="And Click on Search button." classname="Scenario: To verify whether locations in Select Hotel page are displayed according to the location selected in Search Hotel" time="0">
    <skipped/>
  </testcase>
  <testcase name="Then Verify that hotel displayed is the same as selected in search Hotel form." classname="Scenario: To verify whether locations in Select Hotel page are displayed according to the location selected in Search Hotel" time="0">
    <skipped/>
  </testcase>
  <testcase name="When Launch hotel reservation application" classname="Scenario: To verify whether check-in date and Check Out date are being displayed in Select Hotel page according to the dates selected in search Hotel." time="0">
    <error type="java.lang.NullPointerException"><![CDATA[java.lang.NullPointerException
]]></error>
  </testcase>
  <testcase name="" classname="Scenario: To verify whether check-in date and Check Out date are being displayed in Select Hotel page according to the dates selected in search Hotel." time="0">
    <error type="java.lang.NullPointerException"><![CDATA[java.lang.NullPointerException
]]></error>
  </testcase>
  <testcase name="" classname="Scenario: To verify whether check-in date and Check Out date are being displayed in Select Hotel page according to the dates selected in search Hotel." time="0.016">
    <error type="java.lang.NullPointerException"><![CDATA[java.lang.NullPointerException
]]></error>
  </testcase>
  <testcase name="And Login to the application using username and password" classname="Scenario: To verify whether check-in date and Check Out date are being displayed in Select Hotel page according to the dates selected in search Hotel." time="0">
    <skipped/>
  </testcase>
  <testcase name="Given User launched application and selects as in test data" classname="Scenario: To verify whether check-in date and Check Out date are being displayed in Select Hotel page according to the dates selected in search Hotel." time="0">
    <skipped/>
  </testcase>
  <testcase name="When User selects number of rooms as in test data" classname="Scenario: To verify whether check-in date and Check Out date are being displayed in Select Hotel page according to the dates selected in search Hotel." time="0">
    <skipped/>
  </testcase>
  <testcase name="And User enters check-in and check-out date" classname="Scenario: To verify whether check-in date and Check Out date are being displayed in Select Hotel page according to the dates selected in search Hotel." time="0">
    <skipped/>
  </testcase>
  <testcase name="And User selects number of adults and childrens as in test data" classname="Scenario: To verify whether check-in date and Check Out date are being displayed in Select Hotel page according to the dates selected in search Hotel." time="0">
    <skipped/>
  </testcase>
  <testcase name="And User clicks on search button" classname="Scenario: To verify whether check-in date and Check Out date are being displayed in Select Hotel page according to the dates selected in search Hotel." time="0">
    <skipped/>
  </testcase>
  <testcase name="Then User verifies that hotel displayed is same as selected in search hotel page" classname="Scenario: To verify whether check-in date and Check Out date are being displayed in Select Hotel page according to the dates selected in search Hotel." time="0">
    <skipped/>
  </testcase>
  <testcase name="Given User launch the browser and hit the facebook application" classname="Scenario: Verify the successful login of the application" time="0.004"/>
  <testcase name="When User enter the user name or email id" classname="Scenario: Verify the successful login of the application" time="0"/>
  <testcase name="And User enter the password" classname="Scenario: Verify the successful login of the application" time="0"/>
  <testcase name="And User click on the login button" classname="Scenario: Verify the successful login of the application" time="0"/>
  <testcase name="Then User Verify the user name in the header" classname="Scenario: Verify the successful login of the application" time="0"/>
  <testcase name="And User logout the application" classname="Scenario: Verify the successful login of the application" time="0"/>
  <testcase name="" classname="Scenario: Verify the successful login of the application" time="0"/>
  <testcase name="Given User launch the browser and hit the facebook application" classname="Scenario: Verify the successful login of the application with step data" time="0"/>
  <testcase name="When User enter the user name or email id &quot;testsathya@gmail.com&quot;" classname="Scenario: Verify the successful login of the application with step data" time="0"/>
  <testcase name="And User enter the password &quot;9876543&quot;" classname="Scenario: Verify the successful login of the application with step data" time="0"/>
  <testcase name="And User click on the login button" classname="Scenario: Verify the successful login of the application with step data" time="0"/>
  <testcase name="Then User verify the user name &quot;Sathya&quot; in the header" classname="Scenario: Verify the successful login of the application with step data" time="0"/>
  <testcase name="And User logout the application" classname="Scenario: Verify the successful login of the application with step data" time="0"/>
  <testcase name="" classname="Scenario: Verify the successful login of the application with step data" time="0"/>
  <testcase name="Given User launch the browser and hit the facebook application" classname="| Kavi@gmail.com | 12345 | Logged in Successfully |" time="0"/>
  <testcase name="When User enter the user name or email id &quot;Kavi@gmail.com&quot;" classname="| Kavi@gmail.com | 12345 | Logged in Successfully |" time="0"/>
  <testcase name="And User enter the password &quot;12345&quot;" classname="| Kavi@gmail.com | 12345 | Logged in Successfully |" time="0"/>
  <testcase name="And User click on the login button" classname="| Kavi@gmail.com | 12345 | Logged in Successfully |" time="0"/>
  <testcase name="And User verify the user name &quot;Logged in Successfully&quot; in the header" classname="| Kavi@gmail.com | 12345 | Logged in Successfully |" time="0"/>
  <testcase name="And User logout the application" classname="| Kavi@gmail.com | 12345 | Logged in Successfully |" time="0"/>
  <testcase name="" classname="| Kavi@gmail.com | 12345 | Logged in Successfully |" time="0"/>
  <testcase name="Given User launch the browser and hit the facebook application" classname="| Srini@com | 56778 | Invalid credentials |" time="0"/>
  <testcase name="When User enter the user name or email id &quot;Srini@com&quot;" classname="| Srini@com | 56778 | Invalid credentials |" time="0"/>
  <testcase name="And User enter the password &quot;56778&quot;" classname="| Srini@com | 56778 | Invalid credentials |" time="0"/>
  <testcase name="And User click on the login button" classname="| Srini@com | 56778 | Invalid credentials |" time="0"/>
  <testcase name="And User verify the user name &quot;Invalid credentials&quot; in the header" classname="| Srini@com | 56778 | Invalid credentials |" time="0"/>
  <testcase name="And User logout the application" classname="| Srini@com | 56778 | Invalid credentials |" time="0"/>
  <testcase name="" classname="| Srini@com | 56778 | Invalid credentials |" time="0"/>
  <testcase name="Given User launch the browser and hit the facebook application" classname="| Ajith@gmail | 12345 | Invalid credentials |" time="0"/>
  <testcase name="When User enter the user name or email id &quot;Ajith@gmail&quot;" classname="| Ajith@gmail | 12345 | Invalid credentials |" time="0"/>
  <testcase name="And User enter the password &quot;12345&quot;" classname="| Ajith@gmail | 12345 | Invalid credentials |" time="0"/>
  <testcase name="And User click on the login button" classname="| Ajith@gmail | 12345 | Invalid credentials |" time="0"/>
  <testcase name="And User verify the user name &quot;Invalid credentials&quot; in the header" classname="| Ajith@gmail | 12345 | Invalid credentials |" time="0"/>
  <testcase name="And User logout the application" classname="| Ajith@gmail | 12345 | Invalid credentials |" time="0"/>
  <testcase name="" classname="| Ajith@gmail | 12345 | Invalid credentials |" time="0"/>
</testsuite>