<?xml version="1.0" encoding="UTF-8"?>
<testsuite xmlns:xsi="http://www.w3.org/2001/XMLSchema-instance" xsi:noNamespaceSchemaLocation="https://maven.apache.org/surefire/maven-surefire-plugin/xsd/surefire-test-report-3.0.xsd" version="3.0" name="com.cucumber.testrunner.TestRunner" time="75.882" tests="45" errors="3" skipped="0" failures="2">
  <properties>
[...]
</properties>
  <testcase name="When Launch hotel reservation application" classname="Scenario: To verify valid login details" time="0.004"/>
  <testcase name="And Login to the application using username and password" classname="Scenario: To verify valid login details" time="0"/>
  <testcase name="Then User verifies the username in the HomePage" classname="Scenario: To verify valid login details" time="0.054">
    <failure message="expected:&lt;Hello[@]cbzsrini!&gt; but was:&lt;Hello[ ]cbzsrini!&gt;" type="org.junit.ComparisonFailure"><![CDATA[org.junit.ComparisonFailure: expected:<Hello[@]cbzsrini!> but was:<Hello[ ]cbzsrini!>
]]></failure>
  </testcase>
  <testcase name="" classname="Scenario: To verify valid login details" time="0.054">
    <failure message="expected:&lt;Hello[@]cbzsrini!&gt; but was:&lt;Hello[ ]cbzsrini!&gt;" type="org.junit.ComparisonFailure"><![CDATA[org.junit.ComparisonFailure: expected:<Hello[@]cbzsrini!> but was:<Hello[ ]cbzsrini!>
]]></failure>
  </testcase>
  <testcase name="When Launch hotel reservation application" classname="Scenario: To verify whether the check-out date field accepts a later date than checkin date" time="0"/>
  <testcase name="And Login to the application using username and password" classname="Scenario: To verify whether the check-out date field accepts a later date than checkin date" time="0.001"/>
  <testcase name="Given Select location as in test data" classname="Scenario: To verify whether the check-out date field accepts a later date than checkin date" time="0"/>
  <testcase name="When Select hotel as in test data" classname="Scenario: To verify whether the check-out date field accepts a later date than checkin date" time="0"/>
  <testcase name="And Select room type as in test data" classname="Scenario: To verify whether the check-out date field accepts a later date than checkin date" time="0"/>
  <testcase name="And Select no-of-rooms as in test data" classname="Scenario: To verify whether the check-out date field accepts a later date than checkin date" time="0"/>
  <testcase name="And Enter check-in-date later than the checkout-date field as in test data" classname="Scenario: To verify whether the check-out date field accepts a later date than checkin date" time="0"/>
  <testcase name="Then Verify that system gives an error saying ‘check-in-date should not be later than check-out-date’" classname="Scenario: To verify whether the check-out date field accepts a later date than checkin date" time="0"/>
  <testcase name="" classname="Scenario: To verify whether the check-out date field accepts a later date than checkin date" time="0.004"/>
  <testcase name="When Launch hotel reservation application" classname="Scenario: To check if error is reported if check-out date field is in the past" time="0"/>
  <testcase name="And Login to the application using username and password" classname="Scenario: To check if error is reported if check-out date field is in the past" time="0"/>
  <testcase name="Given Select location as in test data" classname="Scenario: To check if error is reported if check-out date field is in the past" time="0"/>
  <testcase name="When Select hotel as in test data" classname="Scenario: To check if error is reported if check-out date field is in the past" time="0"/>
  <testcase name="And Select room type as in test data" classname="Scenario: To check if error is reported if check-out date field is in the past" time="0"/>
  <testcase name="And Select no-of-rooms as in test data" classname="Scenario: To check if error is reported if check-out date field is in the past" time="0"/>
  <testcase name="And Enter check-out-date as in test data" classname="Scenario: To check if error is reported if check-out date field is in the past" time="0"/>
  <testcase name="And User Click on Search button" classname="Scenario: To check if error is reported if check-out date field is in the past" time="0"/>
  <testcase name="Then Verify that application throws error message" classname="Scenario: To check if error is reported if check-out date field is in the past" time="0"/>
  <testcase name="" classname="Scenario: To check if error is reported if check-out date field is in the past" time="0.002"/>
  <testcase name="When Launch hotel reservation application" classname="Scenario: To verify whether locations in Select Hotel page are displayed according to the location selected in Search Hotel" time="0"/>
  <testcase name="And Login to the application using username and password" classname="Scenario: To verify whether locations in Select Hotel page are displayed according to the location selected in Search Hotel" time="0.016"/>
  <testcase name="Given Select location as in test data" classname="Scenario: To verify whether locations in Select Hotel page are displayed according to the location selected in Search Hotel" time="0"/>
  <testcase name="When Select hotel as in test data" classname="Scenario: To verify whether locations in Select Hotel page are displayed according to the location selected in Search Hotel" time="0"/>
  <testcase name="And Select room type as in test data" classname="Scenario: To verify whether locations in Select Hotel page are displayed according to the location selected in Search Hotel" time="0"/>
  <testcase name="And Select no-of-rooms as in test data" classname="Scenario: To verify whether locations in Select Hotel page are displayed according to the location selected in Search Hotel" time="0"/>
  <testcase name="And User Enters the check-out-date as in test data" classname="Scenario: To verify whether locations in Select Hotel page are displayed according to the location selected in Search Hotel" time="0"/>
  <testcase name="And Select No-of-adults as in test data" classname="Scenario: To verify whether locations in Select Hotel page are displayed according to the location selected in Search Hotel" time="0"/>
  <testcase name="And Select No-of-children as in test data" classname="Scenario: To verify whether locations in Select Hotel page are displayed according to the location selected in Search Hotel" time="0"/>
  <testcase name="And Click on Search button." classname="Scenario: To verify whether locations in Select Hotel page are displayed according to the location selected in Search Hotel" time="0"/>
  <testcase name="Then Verify that hotel displayed is the same as selected in search Hotel form." classname="Scenario: To verify whether locations in Select Hotel page are displayed according to the location selected in Search Hotel" time="0.001"/>
  <testcase name="" classname="Scenario: To verify whether locations in Select Hotel page are displayed according to the location selected in Search Hotel" time="0.002"/>
  <testcase name="When Launch hotel reservation application" classname="Scenario: To verify whether check-in date and Check Out date are being displayed in Select Hotel page according to the dates selected in search Hotel." time="0"/>
  <testcase name="And Login to the application using username and password" classname="Scenario: To verify whether check-in date and Check Out date are being displayed in Select Hotel page according to the dates selected in search Hotel." time="0"/>
  <testcase name="Given User launched application and selects as in test data" classname="Scenario: To verify whether check-in date and Check Out date are being displayed in Select Hotel page according to the dates selected in search Hotel." time="0"/>
  <testcase name="When User selects number of rooms as in test data" classname="Scenario: To verify whether check-in date and Check Out date are being displayed in Select Hotel page according to the dates selected in search Hotel." time="0.002"/>
  <testcase name="And User enters check-in and check-out date" classname="Scenario: To verify whether check-in date and Check Out date are being displayed in Select Hotel page according to the dates selected in search Hotel." time="0"/>
  <testcase name="And User selects number of adults and childrens as in test data" classname="Scenario: To verify whether check-in date and Check Out date are being displayed in Select Hotel page according to the dates selected in search Hotel." time="0"/>
  <testcase name="And User clicks on search button" classname="Scenario: To verify whether check-in date and Check Out date are being displayed in Select Hotel page according to the dates selected in search Hotel." time="0"/>
  <testcase name="Then User verifies that hotel displayed is same as selected in search hotel page" classname="Scenario: To verify whether check-in date and Check Out date are being displayed in Select Hotel page according to the dates selected in search Hotel." time="0">
    <error message="Cannot locate an element using id=username_show&#10;For documentation on this error, please visit: https://www.seleniumhq.org/exceptions/no_such_element.html&#10;Build info: version: &apos;3.141.59&apos;, revision: &apos;e82be7d358&apos;, time: &apos;2018-11-14T08:17:03&apos;&#10;System info: host: &apos;LAPTOP-06OKJ4FN&apos;, ip: &apos;192.168.137.1&apos;, os.name: &apos;Windows 10&apos;, os.arch: &apos;amd64&apos;, os.version: &apos;10.0&apos;, java.version: &apos;1.8.0_221&apos;&#10;Driver info: driver.version: RemoteWebDriver" type="org.openqa.selenium.NoSuchElementException"><![CDATA[org.openqa.selenium.NoSuchElementException: 
Cannot locate an element using id=username_show
For documentation on this error, please visit: https://www.seleniumhq.org/exceptions/no_such_element.html
Build info: version: '3.141.59', revision: 'e82be7d358', time: '2018-11-14T08:17:03'
System info: host: 'LAPTOP-06OKJ4FN', ip: '192.168.137.1', os.name: 'Windows 10', os.arch: 'amd64', os.version: '10.0', java.version: '1.8.0_221'
Driver info: driver.version: RemoteWebDriver
]]></error>
  </testcase>
  <testcase name="" classname="Scenario: To verify whether check-in date and Check Out date are being displayed in Select Hotel page according to the dates selected in search Hotel." time="0">
    <error message="Cannot locate an element using id=username_show&#10;For documentation on this error, please visit: https://www.seleniumhq.org/exceptions/no_such_element.html&#10;Build info: version: &apos;3.141.59&apos;, revision: &apos;e82be7d358&apos;, time: &apos;2018-11-14T08:17:03&apos;&#10;System info: host: &apos;LAPTOP-06OKJ4FN&apos;, ip: &apos;192.168.137.1&apos;, os.name: &apos;Windows 10&apos;, os.arch: &apos;amd64&apos;, os.version: &apos;10.0&apos;, java.version: &apos;1.8.0_221&apos;&#10;Driver info: driver.version: RemoteWebDriver" type="org.openqa.selenium.NoSuchElementException"><![CDATA[org.openqa.selenium.NoSuchElementException: 
Cannot locate an element using id=username_show
For documentation on this error, please visit: https://www.seleniumhq.org/exceptions/no_such_element.html
Build info: version: '3.141.59', revision: 'e82be7d358', time: '2018-11-14T08:17:03'
System info: host: 'LAPTOP-06OKJ4FN', ip: '192.168.137.1', os.name: 'Windows 10', os.arch: 'amd64', os.version: '10.0', java.version: '1.8.0_221'
Driver info: driver.version: RemoteWebDriver
]]></error>
  </testcase>
  <testcase name="" classname="Scenario: To verify whether check-in date and Check Out date are being displayed in Select Hotel page according to the dates selected in search Hotel." time="0.188">
    <error message="no such window: target window already closed&#10;from unknown error: web view not found&#10;  (Session info: chrome=78.0.3904.108)&#10;Build info: version: &apos;3.141.59&apos;, revision: &apos;e82be7d358&apos;, time: &apos;2018-11-14T08:17:03&apos;&#10;System info: host: &apos;LAPTOP-06OKJ4FN&apos;, ip: &apos;192.168.137.1&apos;, os.name: &apos;Windows 10&apos;, os.arch: &apos;amd64&apos;, os.version: &apos;10.0&apos;, java.version: &apos;1.8.0_221&apos;&#10;Driver info: org.openqa.selenium.chrome.ChromeDriver&#10;Capabilities {acceptInsecureCerts: false, browserName: chrome, browserVersion: 78.0.3904.108, chrome: {chromedriverVersion: 77.0.3865.40 (f484704e052e0..., userDataDir: C:\Users\cbzsr\AppData\Loca...}, goog:chromeOptions: {debuggerAddress: localhost:56733}, javascriptEnabled: true, networkConnectionEnabled: false, pageLoadStrategy: normal, platform: XP, platformName: XP, proxy: Proxy(), setWindowRect: true, strictFileInteractability: false, timeouts: {implicit: 0, pageLoad: 300000, script: 30000}, unhandledPromptBehavior: dismiss and notify}&#10;Session ID: b0f16e1bd59f2cb6918603d5fc5b64fa" type="org.openqa.selenium.NoSuchWindowException"><![CDATA[org.openqa.selenium.NoSuchWindowException: 
no such window: target window already closed
from unknown error: web view not found
  (Session info: chrome=78.0.3904.108)
Build info: version: '3.141.59', revision: 'e82be7d358', time: '2018-11-14T08:17:03'
System info: host: 'LAPTOP-06OKJ4FN', ip: '192.168.137.1', os.name: 'Windows 10', os.arch: 'amd64', os.version: '10.0', java.version: '1.8.0_221'
Driver info: org.openqa.selenium.chrome.ChromeDriver
Capabilities {acceptInsecureCerts: false, browserName: chrome, browserVersion: 78.0.3904.108, chrome: {chromedriverVersion: 77.0.3865.40 (f484704e052e0..., userDataDir: C:\Users\cbzsr\AppData\Loca...}, goog:chromeOptions: {debuggerAddress: localhost:56733}, javascriptEnabled: true, networkConnectionEnabled: false, pageLoadStrategy: normal, platform: XP, platformName: XP, proxy: Proxy(), setWindowRect: true, strictFileInteractability: false, timeouts: {implicit: 0, pageLoad: 300000, script: 30000}, unhandledPromptBehavior: dismiss and notify}
Session ID: b0f16e1bd59f2cb6918603d5fc5b64fa
]]></error>
  </testcase>
</testsuite>